<?xml version="1.0" encoding="UTF-8"?>
<!-- Generated by org.testng.reporters.JUnitReportReporter -->
<testsuite hostname="Manoj_Tambe_FCT" failures="0" tests="1" name="Azure.DevOps.AppTest" time="7.311" errors="0" timestamp="2024-10-15T19:43:41 IST" skipped="0">
  <testcase classname="Azure.DevOps.AppTest" name="shouldAnswerWithTrue" time="7.311"/>
  <system-out/>
</testsuite> <!-- Azure.DevOps.AppTest -->
