<?xml version="1.0" encoding="UTF-8"?>
<!-- Generated by org.testng.reporters.JUnitReportReporter -->
<testsuite hostname="Manoj_Tambe_FCT" failures="0" tests="1" name="Azure.DevOps.AppTest" time="10.210" errors="0" timestamp="2024-05-26T22:24:46 IST" skipped="0">
  <testcase classname="Azure.DevOps.AppTest" name="shouldAnswerWithTrue" time="10.210"/>
  <system-out/>
</testsuite> <!-- Azure.DevOps.AppTest -->
