<?xml version="1.0" encoding="UTF-8"?>
<!-- Generated by org.testng.reporters.JUnitReportReporter -->
<testsuite hostname="Manoj_Tambe_FCT" failures="0" tests="1" name="Azure.DevOps.AppTest" time="5.312" errors="0" timestamp="2024-05-31T16:20:11 IST" skipped="0">
  <testcase classname="Azure.DevOps.AppTest" name="shouldAnswerWithTrue" time="5.312"/>
  <system-out/>
</testsuite> <!-- Azure.DevOps.AppTest -->
