<?xml version="1.0" encoding="UTF-8"?>
<!-- Generated by org.testng.reporters.JUnitReportReporter -->
<testsuite hostname="Manoj_Tambe_FCT" failures="0" tests="1" name="Azure.DevOps.Pipeline_Two" time="5.374" errors="0" timestamp="2024-10-15T19:43:41 IST" skipped="0">
  <testcase classname="Azure.DevOps.Pipeline_Two" name="run" time="5.374"/>
  <system-out/>
</testsuite> <!-- Azure.DevOps.Pipeline_Two -->
