<?xml version="1.0" encoding="UTF-8"?>
<!-- Generated by org.testng.reporters.JUnitReportReporter -->
<testsuite hostname="Manoj_Tambe_FCT" failures="0" tests="1" name="Azure.DevOps.AppTest" time="6.839" errors="0" timestamp="2024-05-26T23:47:03 IST" skipped="0">
  <testcase classname="Azure.DevOps.AppTest" name="shouldAnswerWithTrue" time="6.839"/>
  <system-out/>
</testsuite> <!-- Azure.DevOps.AppTest -->
